<?xml version="1.0" encoding="UTF-8"?>
<coverage generated="1621010318441" clover="3.2.0">
  <project timestamp="1621010318441" name="All files">
    <metrics statements="18" coveredstatements="18" conditionals="9" coveredconditionals="9" methods="8" coveredmethods="8" elements="35" coveredelements="35" complexity="0" loc="18" ncloc="18" packages="1" files="2" classes="2"/>
    <file name="bike.js" path="/Users/emanuele/Emanuele/Projects/Workshops & Reviews & weeksAgain/Boris Bike/src/bike.js">
      <metrics statements="2" coveredstatements="2" conditionals="0" coveredconditionals="0" methods="1" coveredmethods="1"/>
      <line num="5" count="1" type="stmt"/>
      <line num="10" count="3" type="stmt"/>
    </file>
    <file name="dockingStation.js" path="/Users/emanuele/Emanuele/Projects/Workshops & Reviews & weeksAgain/Boris Bike/src/dockingStation.js">
      <metrics statements="16" coveredstatements="16" conditionals="9" coveredconditionals="9" methods="7" coveredmethods="7"/>
      <line num="3" count="9" type="stmt"/>
      <line num="4" count="9" type="stmt"/>
      <line num="8" count="2" type="cond" truecount="2" falsecount="0"/>
      <line num="9" count="1" type="stmt"/>
      <line num="11" count="1" type="stmt"/>
      <line num="16" count="25" type="cond" truecount="2" falsecount="0"/>
      <line num="17" count="2" type="stmt"/>
      <line num="19" count="23" type="stmt"/>
      <line num="21" count="23" type="stmt"/>
      <line num="25" count="2" type="stmt"/>
      <line num="29" count="25" type="cond" truecount="2" falsecount="0"/>
      <line num="30" count="2" type="stmt"/>
      <line num="34" count="2" type="cond" truecount="2" falsecount="0"/>
      <line num="35" count="1" type="stmt"/>
      <line num="40" count="1" type="stmt"/>
      <line num="44" count="2" type="stmt"/>
    </file>
  </project>
</coverage>
