<?xml version="1.0" encoding="UTF-8"?>
<coverage generated="1621009049050" clover="3.2.0">
  <project timestamp="1621009049050" name="All files">
    <metrics statements="20" coveredstatements="20" conditionals="9" coveredconditionals="9" methods="8" coveredmethods="8" elements="37" coveredelements="37" complexity="0" loc="20" ncloc="20" packages="1" files="2" classes="2"/>
    <file name="bike.js" path="/Users/emanuele/Desktop/Re-start/src/bike.js">
      <metrics statements="2" coveredstatements="2" conditionals="0" coveredconditionals="0" methods="1" coveredmethods="1"/>
      <line num="5" count="1" type="stmt"/>
      <line num="10" count="3" type="stmt"/>
    </file>
    <file name="dockingStation.js" path="/Users/emanuele/Desktop/Re-start/src/dockingStation.js">
      <metrics statements="18" coveredstatements="18" conditionals="9" coveredconditionals="9" methods="7" coveredmethods="7"/>
      <line num="1" count="2" type="stmt"/>
      <line num="4" count="9" type="stmt"/>
      <line num="5" count="9" type="stmt"/>
      <line num="9" count="2" type="cond" truecount="2" falsecount="0"/>
      <line num="10" count="1" type="stmt"/>
      <line num="12" count="1" type="stmt"/>
      <line num="17" count="25" type="cond" truecount="2" falsecount="0"/>
      <line num="18" count="2" type="stmt"/>
      <line num="20" count="23" type="stmt"/>
      <line num="21" count="23" type="stmt"/>
      <line num="23" count="23" type="stmt"/>
      <line num="28" count="2" type="stmt"/>
      <line num="33" count="25" type="cond" truecount="2" falsecount="0"/>
      <line num="34" count="2" type="stmt"/>
      <line num="39" count="2" type="cond" truecount="2" falsecount="0"/>
      <line num="40" count="1" type="stmt"/>
      <line num="45" count="1" type="stmt"/>
      <line num="50" count="2" type="stmt"/>
    </file>
  </project>
</coverage>
