TN:
SF:src/bike.js
FN:3,(anonymous_0)
FN:7,(anonymous_1)
FN:11,(anonymous_2)
FNF:3
FNH:3
FNDA:7,(anonymous_0)
FNDA:1,(anonymous_1)
FNDA:1,(anonymous_2)
DA:4,7
DA:8,1
DA:12,1
DA:17,3
LF:4
LH:4
BRF:0
BRH:0
end_of_record
TN:
SF:src/dockingStation.js
FN:3,(anonymous_0)
FN:8,(anonymous_1)
FN:19,(anonymous_2)
FN:28,(anonymous_3)
FN:32,(anonymous_4)
FN:37,(anonymous_5)
FN:43,(anonymous_6)
FNF:7
FNH:7
FNDA:9,(anonymous_0)
FNDA:2,(anonymous_1)
FNDA:25,(anonymous_2)
FNDA:2,(anonymous_3)
FNDA:25,(anonymous_4)
FNDA:2,(anonymous_5)
FNDA:1,(anonymous_6)
DA:1,2
DA:4,9
DA:5,9
DA:9,2
DA:10,1
DA:11,1
DA:12,1
DA:15,0
DA:20,25
DA:21,2
DA:23,23
DA:25,23
DA:29,2
DA:33,25
DA:34,2
DA:38,2
DA:39,1
DA:44,1
DA:48,2
LF:19
LH:18
BRDA:3,0,0,9
BRDA:9,1,0,1
BRDA:9,1,1,1
BRDA:11,2,0,1
BRDA:11,2,1,0
BRDA:20,3,0,2
BRDA:20,3,1,23
BRDA:33,4,0,2
BRDA:33,4,1,23
BRDA:38,5,0,1
BRDA:38,5,1,1
BRF:11
BRH:10
end_of_record
