TN:
SF:src/bike.js
FN:3,(anonymous_0)
FNF:1
FNH:1
FNDA:1,(anonymous_0)
DA:5,1
DA:10,3
LF:2
LH:2
BRF:0
BRH:0
end_of_record
TN:
SF:src/dockingStation.js
FN:2,(anonymous_0)
FN:7,(anonymous_1)
FN:15,(anonymous_2)
FN:24,(anonymous_3)
FN:28,(anonymous_4)
FN:33,(anonymous_5)
FN:39,(anonymous_6)
FNF:7
FNH:7
FNDA:9,(anonymous_0)
FNDA:2,(anonymous_1)
FNDA:25,(anonymous_2)
FNDA:2,(anonymous_3)
FNDA:25,(anonymous_4)
FNDA:2,(anonymous_5)
FNDA:1,(anonymous_6)
DA:3,9
DA:4,9
DA:8,2
DA:9,1
DA:11,1
DA:16,25
DA:17,2
DA:19,23
DA:21,23
DA:25,2
DA:29,25
DA:30,2
DA:34,2
DA:35,1
DA:40,1
DA:44,2
LF:16
LH:16
BRDA:2,0,0,9
BRDA:8,1,0,1
BRDA:8,1,1,1
BRDA:16,2,0,2
BRDA:16,2,1,23
BRDA:29,3,0,2
BRDA:29,3,1,23
BRDA:34,4,0,1
BRDA:34,4,1,1
BRF:9
BRH:9
end_of_record
